0.00253333333333,0.0
0.0027,0.00374531835206
0.00286666666667,0.00749063670412
0.00286666666667,0.0112359550562
0.00286666666667,0.0149812734082
0.00286666666667,0.0187265917603
0.00388333333333,0.0224719101124
0.00405,0.0262172284644
0.00405,0.0299625468165
0.00475,0.0337078651685
0.00525,0.0374531835206
0.00643333333333,0.0411985018727
0.00811666666667,0.0449438202247
0.00815,0.0486891385768
0.00946666666667,0.0524344569288
0.0112,0.0561797752809
0.0126833333333,0.059925093633
0.0150833333333,0.063670411985
0.0155666666667,0.0674157303371
0.0159166666667,0.0711610486891
0.0181333333333,0.0749063670412
0.02115,0.0786516853933
0.0236833333333,0.0823970037453
0.04825,0.0861423220974
0.0517666666667,0.0898876404494
0.0538666666667,0.0936329588015
1.00793333333,0.0973782771536
1.04753333333,0.101123595506
1.05095,0.104868913858
1.07275,0.10861423221
1.07366666667,0.112359550562
1.08893333333,0.116104868914
1.1071,0.119850187266
1.15268333333,0.123595505618
2.1174,0.12734082397
2.14395,0.131086142322
3.20561666667,0.134831460674
3.28233333333,0.138576779026
3.29473333333,0.142322097378
5.3421,0.14606741573
5.4261,0.149812734082
5.44685,0.153558052434
6.51743333333,0.157303370787
6.55811666667,0.161048689139
9.75735,0.164794007491
9.78093333333,0.168539325843
9.8299,0.172284644195
14.1162666667,0.176029962547
15.1285666667,0.179775280899
18.4116666667,0.183520599251
19.4913666667,0.187265917603
19.5748,0.191011235955
20.5420333333,0.194756554307
20.6224666667,0.198501872659
20.6349,0.202247191011
21.7322666667,0.205992509363
21.7872666667,0.209737827715
23.8767,0.213483146067
23.9005166667,0.217228464419
24.9041833333,0.220973782772
24.9303166667,0.224719101124
24.95465,0.228464419476
24.9673,0.232209737828
24.97025,0.23595505618
24.9746833333,0.239700374532
24.9845666667,0.243445692884
25.0041333333,0.247191011236
25.01355,0.250936329588
27.1868666667,0.25468164794
28.2291666667,0.258426966292
28.2419666667,0.262172284644
29.22415,0.265917602996
29.2260666667,0.269662921348
30.4375666667,0.2734082397
31.4522666667,0.277153558052
32.4867333333,0.280898876404
34.6552166667,0.284644194757
34.6856,0.288389513109
39.0523333333,0.292134831461
39.0657666667,0.295880149813
40.1383333333,0.299625468165
41.2251833333,0.303370786517
42.3466333333,0.307116104869
43.4003166667,0.310861423221
43.4296,0.314606741573
44.4995166667,0.318352059925
46.6532666667,0.322097378277
46.69535,0.325842696629
47.7306333333,0.329588014981
48.8626166667,0.333333333333
49.9024,0.337078651685
49.9546166667,0.340823970037
49.9719666667,0.34456928839
49.97785,0.348314606742
53.2289333333,0.352059925094
54.31985,0.355805243446
59.69085,0.359550561798
65.07885,0.36329588015
66.2651,0.367041198502
67.3137166667,0.370786516854
71.64625,0.374531835206
72.7579833333,0.378277153558
74.8999166667,0.38202247191
74.94355,0.385767790262
78.1091666667,0.389513108614
80.2904333333,0.393258426966
81.4422833333,0.397003745318
84.626,0.40074906367
85.7783666667,0.404494382022
94.47645,0.408239700375
99.83,0.411985018727
99.8799,0.415730337079
108.594016667,0.419475655431
109.670183333,0.423220973783
109.696666667,0.426966292135
113.948583333,0.430711610487
115.004133333,0.434456928839
115.029766667,0.438202247191
115.037433333,0.441947565543
115.05985,0.445692883895
119.405966667,0.449438202247
120.463066667,0.453183520599
122.688916667,0.456928838951
124.830783333,0.460674157303
130.22555,0.464419475655
140.048183333,0.468164794007
141.099,0.47191011236
141.114466667,0.475655430712
146.54615,0.479400749064
146.584733333,0.483146067416
149.81325,0.486891385768
153.1005,0.49063670412
158.475183333,0.494382022472
163.9213,0.498127340824
164.977683333,0.501872659176
164.978816667,0.505617977528
164.98675,0.50936329588
164.9994,0.513108614232
165.011633333,0.516853932584
165.043666667,0.520599250936
168.254383333,0.524344569288
168.261483333,0.52808988764
169.362933333,0.531835205993
175.8554,0.535580524345
180.14145,0.539325842697
183.486966667,0.543071161049
184.5839,0.546816479401
189.9163,0.550561797753
189.947316667,0.554307116105
189.9699,0.558052434457
189.977683333,0.561797752809
189.985583333,0.565543071161
191.0482,0.569288389513
191.068533333,0.573033707865
208.457816667,0.576779026217
210.599583333,0.580524344569
219.2718,0.584269662921
230.104483333,0.588014981273
230.118783333,0.591760299625
258.4308,0.595505617978
264.834333333,0.59925093633
264.939183333,0.602996254682
270.243833333,0.606741573034
271.403483333,0.610486891386
280.1161,0.614232209738
300.771933333,0.61797752809
305.03815,0.621722846442
330.031483333,0.625468164794
330.0986,0.629213483146
335.3818,0.632958801498
336.562383333,0.63670411985
354.9356,0.640449438202
354.96185,0.644194756554
354.974383333,0.647940074906
359.312466667,0.651685393258
374.5075,0.65543071161
374.603216667,0.659176029963
378.8727,0.662921348315
379.950966667,0.666666666667
379.986766667,0.670411985019
380.02505,0.674157303371
404.900733333,0.677902621723
415.86785,0.681647940075
425.5496,0.685393258427
432.082,0.689138576779
448.354916667,0.692883895131
453.773316667,0.696629213483
470.000016667,0.700374531835
485.301516667,0.704119850187
487.44095,0.707865168539
491.82705,0.711610486891
505.883783333,0.715355805243
510.241883333,0.719101123596
529.816133333,0.722846441948
533.027683333,0.7265917603
535.264583333,0.730337078652
539.560283333,0.734082397004
545.00305,0.737827715356
562.38645,0.741573033708
574.269616667,0.74531835206
594.98145,0.749063670412
602.573366667,0.752808988764
640.570933333,0.756554307116
652.497766667,0.760299625468
654.550666667,0.76404494382
660.122483333,0.767790262172
678.5298,0.771535580524
733.87715,0.775280898876
739.374733333,0.779026217228
740.3943,0.782771535581
740.402966667,0.786516853933
754.51865,0.790262172285
760.035833333,0.794007490637
791.4413,0.797752808989
796.8427,0.801498127341
917.485566667,0.805243445693
949.955316667,0.808988764045
969.47085,0.812734082397
1139.98391667,0.816479400749
1185.53231667,0.820224719101
1198.54226667,0.823970037453
1198.67035,0.827715355805
1201.85161667,0.831460674157
1205.05713333,0.835205992509
1258.2409,0.838951310861
1352.73296667,0.842696629213
1355.055,0.846441947566
1400.55021667,0.850187265918
1449.33321667,0.85393258427
1454.75668333,0.857677902622
1460.26698333,0.861423220974
1462.49473333,0.865168539326
1482.99318333,0.868913857678
1498.20005,0.87265917603
1589.38368333,0.876404494382
1683.85001667,0.880149812734
1689.3598,0.883895131086
1793.53886667,0.887640449438
1994.34385,0.89138576779
2013.8409,0.895131086142
2260.3476,0.898876404494
2294.10183333,0.902621722846
2329.9786,0.906367041199
2380.94715,0.910112359551
2403.54401667,0.913857677903
2531.69215,0.917602996255
2575.23135,0.921348314607
2594.75133333,0.925093632959
2617.45351667,0.928838951311
2631.63705,0.932584269663
2722.7744,0.936329588015
2901.94161667,0.940074906367
2978.02391667,0.943820224719
3239.59518333,0.947565543071
3312.61895,0.951310861423
3781.47113333,0.955056179775
4037.6382,0.958801498127
4120.01853333,0.962546816479
4210.35725,0.966292134831
4387.2054,0.970037453184
4747.70106667,0.973782771536
4783.36455,0.977528089888
4960.33091667,0.98127340824
7095.14408333,0.985018726592
7137.53828333,0.988764044944
7260.12853333,0.992509363296
7578.92496667,0.996254681648
14205.9139,1.0
